c:\users\ndsts_000\documents\visual studio 2015\projects\sortalgorithm\sortalgorithm\x64\debug\sortalgorithm.pch
c:\users\ndsts_000\documents\visual studio 2015\projects\sortalgorithm\sortalgorithm\x64\debug\vc140.pdb
c:\users\ndsts_000\documents\visual studio 2015\projects\sortalgorithm\sortalgorithm\x64\debug\vc140.idb
c:\users\ndsts_000\documents\visual studio 2015\projects\sortalgorithm\sortalgorithm\x64\debug\stdafx.obj
c:\users\ndsts_000\documents\visual studio 2015\projects\sortalgorithm\sortalgorithm\x64\debug\person.obj
c:\users\ndsts_000\documents\visual studio 2015\projects\sortalgorithm\sortalgorithm\x64\debug\functions.obj
c:\users\ndsts_000\documents\visual studio 2015\projects\sortalgorithm\sortalgorithm\x64\debug\sortalgorithm.obj
c:\users\ndsts_000\documents\visual studio 2015\projects\sortalgorithm\x64\debug\sortalgorithm.ilk
c:\users\ndsts_000\documents\visual studio 2015\projects\sortalgorithm\x64\debug\sortalgorithm.exe
c:\users\ndsts_000\documents\visual studio 2015\projects\sortalgorithm\x64\debug\sortalgorithm.pdb
c:\users\talip\source\repos\sortalgorithmcpp\sortalgorithm\x64\debug\vc140.idb
c:\users\talip\source\repos\sortalgorithmcpp\sortalgorithm\x64\debug\vc140.pdb
c:\users\talip\source\repos\sortalgorithmcpp\x64\debug\sortalgorithm.pdb
c:\users\talip\source\repos\sortalgorithmcpp\x64\debug\sortalgorithm.ilk
c:\users\talip\source\repos\sortalgorithmcpp\sortalgorithm\x64\debug\sortalgorithm.tlog\cl.command.1.tlog
c:\users\talip\source\repos\sortalgorithmcpp\sortalgorithm\x64\debug\sortalgorithm.tlog\cl.read.1.tlog
c:\users\talip\source\repos\sortalgorithmcpp\sortalgorithm\x64\debug\sortalgorithm.tlog\cl.write.1.tlog
c:\users\talip\source\repos\sortalgorithmcpp\sortalgorithm\x64\debug\sortalgorithm.tlog\link.command.1.tlog
c:\users\talip\source\repos\sortalgorithmcpp\sortalgorithm\x64\debug\sortalgorithm.tlog\link.read.1.tlog
c:\users\talip\source\repos\sortalgorithmcpp\sortalgorithm\x64\debug\sortalgorithm.tlog\link.write.1.tlog
